Analysis & Synthesis report for accelerometer_ESN12
Mon Jan 16 11:59:41 2023
Quartus Prime Version 18.1.1 Build 646 04/11/2019 SJ Standard Edition


---------------------
; Table of Contents ;
---------------------
  1. Legal Notice
  2. Analysis & Synthesis Summary
  3. Analysis & Synthesis Settings
  4. Parallel Compilation
  5. Analysis & Synthesis Messages
  6. Analysis & Synthesis Suppressed Messages



----------------
; Legal Notice ;
----------------
Copyright (C) 2019  Intel Corporation. All rights reserved.
Your use of Intel Corporation's design tools, logic functions 
and other software and tools, and any partner logic 
functions, and any output files from any of the foregoing 
(including device programming or simulation files), and any 
associated documentation or information are expressly subject 
to the terms and conditions of the Intel Program License 
Subscription Agreement, the Intel Quartus Prime License Agreement,
the Intel FPGA IP License Agreement, or other applicable license
agreement, including, without limitation, that your use is for
the sole purpose of programming logic devices manufactured by
Intel and sold by Intel or its authorized distributors.  Please
refer to the applicable agreement for further details, at
https://fpgasoftware.intel.com/eula.



+--------------------------------------------------------------------------------------+
; Analysis & Synthesis Summary                                                         ;
+------------------------------------+-------------------------------------------------+
; Analysis & Synthesis Status        ; Failed - Mon Jan 16 11:59:41 2023               ;
; Quartus Prime Version              ; 18.1.1 Build 646 04/11/2019 SJ Standard Edition ;
; Revision Name                      ; accelerometer_ESN12                             ;
; Top-level Entity Name              ; ADXL345                                         ;
; Family                             ; MAX 10                                          ;
; Total logic elements               ; N/A until Partition Merge                       ;
;     Total combinational functions  ; N/A until Partition Merge                       ;
;     Dedicated logic registers      ; N/A until Partition Merge                       ;
; Total registers                    ; N/A until Partition Merge                       ;
; Total pins                         ; N/A until Partition Merge                       ;
; Total virtual pins                 ; N/A until Partition Merge                       ;
; Total memory bits                  ; N/A until Partition Merge                       ;
; Embedded Multiplier 9-bit elements ; N/A until Partition Merge                       ;
; Total PLLs                         ; N/A until Partition Merge                       ;
; UFM blocks                         ; N/A until Partition Merge                       ;
; ADC blocks                         ; N/A until Partition Merge                       ;
+------------------------------------+-------------------------------------------------+


+-------------------------------------------------------------------------------------------------------------+
; Analysis & Synthesis Settings                                                                               ;
+------------------------------------------------------------------+--------------------+---------------------+
; Option                                                           ; Setting            ; Default Value       ;
+------------------------------------------------------------------+--------------------+---------------------+
; Device                                                           ; 10M50DAF484C7G     ;                     ;
; Top-level entity name                                            ; ADXL345            ; accelerometer_ESN12 ;
; Family name                                                      ; MAX 10             ; Cyclone V           ;
; Use smart compilation                                            ; Off                ; Off                 ;
; Enable parallel Assembler and Timing Analyzer during compilation ; On                 ; On                  ;
; Enable compact report table                                      ; Off                ; Off                 ;
; Restructure Multiplexers                                         ; Auto               ; Auto                ;
; Create Debugging Nodes for IP Cores                              ; Off                ; Off                 ;
; Preserve fewer node names                                        ; On                 ; On                  ;
; Intel FPGA IP Evaluation Mode                                    ; Enable             ; Enable              ;
; Verilog Version                                                  ; Verilog_2001       ; Verilog_2001        ;
; VHDL Version                                                     ; VHDL_1993          ; VHDL_1993           ;
; State Machine Processing                                         ; Auto               ; Auto                ;
; Safe State Machine                                               ; Off                ; Off                 ;
; Extract Verilog State Machines                                   ; On                 ; On                  ;
; Extract VHDL State Machines                                      ; On                 ; On                  ;
; Ignore Verilog initial constructs                                ; Off                ; Off                 ;
; Iteration limit for constant Verilog loops                       ; 5000               ; 5000                ;
; Iteration limit for non-constant Verilog loops                   ; 250                ; 250                 ;
; Add Pass-Through Logic to Inferred RAMs                          ; On                 ; On                  ;
; Infer RAMs from Raw Logic                                        ; On                 ; On                  ;
; Parallel Synthesis                                               ; On                 ; On                  ;
; DSP Block Balancing                                              ; Auto               ; Auto                ;
; NOT Gate Push-Back                                               ; On                 ; On                  ;
; Power-Up Don't Care                                              ; On                 ; On                  ;
; Remove Redundant Logic Cells                                     ; Off                ; Off                 ;
; Remove Duplicate Registers                                       ; On                 ; On                  ;
; Ignore CARRY Buffers                                             ; Off                ; Off                 ;
; Ignore CASCADE Buffers                                           ; Off                ; Off                 ;
; Ignore GLOBAL Buffers                                            ; Off                ; Off                 ;
; Ignore ROW GLOBAL Buffers                                        ; Off                ; Off                 ;
; Ignore LCELL Buffers                                             ; Off                ; Off                 ;
; Ignore SOFT Buffers                                              ; On                 ; On                  ;
; Limit AHDL Integers to 32 Bits                                   ; Off                ; Off                 ;
; Optimization Technique                                           ; Balanced           ; Balanced            ;
; Carry Chain Length                                               ; 70                 ; 70                  ;
; Auto Carry Chains                                                ; On                 ; On                  ;
; Auto Open-Drain Pins                                             ; On                 ; On                  ;
; Perform WYSIWYG Primitive Resynthesis                            ; Off                ; Off                 ;
; Auto ROM Replacement                                             ; On                 ; On                  ;
; Auto RAM Replacement                                             ; On                 ; On                  ;
; Auto DSP Block Replacement                                       ; On                 ; On                  ;
; Auto Shift Register Replacement                                  ; Auto               ; Auto                ;
; Allow Shift Register Merging across Hierarchies                  ; Auto               ; Auto                ;
; Auto Clock Enable Replacement                                    ; On                 ; On                  ;
; Strict RAM Replacement                                           ; Off                ; Off                 ;
; Allow Synchronous Control Signals                                ; On                 ; On                  ;
; Force Use of Synchronous Clear Signals                           ; Off                ; Off                 ;
; Auto RAM Block Balancing                                         ; On                 ; On                  ;
; Auto RAM to Logic Cell Conversion                                ; Off                ; Off                 ;
; Auto Resource Sharing                                            ; Off                ; Off                 ;
; Allow Any RAM Size For Recognition                               ; Off                ; Off                 ;
; Allow Any ROM Size For Recognition                               ; Off                ; Off                 ;
; Allow Any Shift Register Size For Recognition                    ; Off                ; Off                 ;
; Use LogicLock Constraints during Resource Balancing              ; On                 ; On                  ;
; Ignore translate_off and synthesis_off directives                ; Off                ; Off                 ;
; Timing-Driven Synthesis                                          ; On                 ; On                  ;
; Report Parameter Settings                                        ; On                 ; On                  ;
; Report Source Assignments                                        ; On                 ; On                  ;
; Report Connectivity Checks                                       ; On                 ; On                  ;
; Ignore Maximum Fan-Out Assignments                               ; Off                ; Off                 ;
; Synchronization Register Chain Length                            ; 2                  ; 2                   ;
; Power Optimization During Synthesis                              ; Normal compilation ; Normal compilation  ;
; HDL message level                                                ; Level2             ; Level2              ;
; Suppress Register Optimization Related Messages                  ; Off                ; Off                 ;
; Number of Removed Registers Reported in Synthesis Report         ; 5000               ; 5000                ;
; Number of Swept Nodes Reported in Synthesis Report               ; 5000               ; 5000                ;
; Number of Inverted Registers Reported in Synthesis Report        ; 100                ; 100                 ;
; Clock MUX Protection                                             ; On                 ; On                  ;
; Auto Gated Clock Conversion                                      ; Off                ; Off                 ;
; Block Design Naming                                              ; Auto               ; Auto                ;
; SDC constraint protection                                        ; Off                ; Off                 ;
; Synthesis Effort                                                 ; Auto               ; Auto                ;
; Shift Register Replacement - Allow Asynchronous Clear Signal     ; On                 ; On                  ;
; Pre-Mapping Resynthesis Optimization                             ; Off                ; Off                 ;
; Analysis & Synthesis Message Level                               ; Medium             ; Medium              ;
; Disable Register Merging Across Hierarchies                      ; Auto               ; Auto                ;
; Resource Aware Inference For Block RAM                           ; On                 ; On                  ;
+------------------------------------------------------------------+--------------------+---------------------+


+------------------------------------------+
; Parallel Compilation                     ;
+----------------------------+-------------+
; Processors                 ; Number      ;
+----------------------------+-------------+
; Number detected on machine ; 6           ;
; Maximum allowed            ; 6           ;
;                            ;             ;
; Average used               ; 1.00        ;
; Maximum used               ; 1           ;
;                            ;             ;
; Usage by Processor         ; % Time Used ;
;     Processor 1            ; 100.0%      ;
+----------------------------+-------------+


+-------------------------------+
; Analysis & Synthesis Messages ;
+-------------------------------+
Info: *******************************************************************
Info: Running Quartus Prime Analysis & Synthesis
    Info: Version 18.1.1 Build 646 04/11/2019 SJ Standard Edition
    Info: Processing started: Mon Jan 16 11:59:06 2023
Info: Command: quartus_map --read_settings_files=on --write_settings_files=off accelerometer_ESN12 -c accelerometer_ESN12
Warning (18236): Number of processors has not been specified which may cause overloading on shared machines.  Set the global assignment NUM_PARALLEL_PROCESSORS in your QSF to an appropriate value for best performance.
Info (20030): Parallel compilation is enabled and will use 6 of the 6 processors detected
Info (12248): Elaborating Platform Designer system entity "lab3_qsys.qsys"
Info (12250): 2023.01.16.11:59:20 Progress: Loading Kanaan_Lab3/lab3_qsys.qsys
Info (12250): 2023.01.16.11:59:20 Progress: Reading input file
Info (12250): 2023.01.16.11:59:20 Progress: Adding clk_0 [clock_source 18.1]
Info (12250): 2023.01.16.11:59:21 Progress: Parameterizing module clk_0
Info (12250): 2023.01.16.11:59:21 Progress: Adding jtag_uart_0 [altera_avalon_jtag_uart 18.1]
Info (12250): 2023.01.16.11:59:21 Progress: Parameterizing module jtag_uart_0
Info (12250): 2023.01.16.11:59:21 Progress: Adding nios2_gen2_0 [altera_nios2_gen2 18.1]
Info (12250): 2023.01.16.11:59:21 Progress: Parameterizing module nios2_gen2_0
Info (12250): 2023.01.16.11:59:21 Progress: Adding onchip_memory2_0 [altera_avalon_onchip_memory2 18.1]
Info (12250): 2023.01.16.11:59:21 Progress: Parameterizing module onchip_memory2_0
Info (12250): 2023.01.16.11:59:21 Progress: Adding opencores_i2c_0 [opencores_i2c 9.1]
Info (12250): 2023.01.16.11:59:21 Progress: Parameterizing module opencores_i2c_0
Info (12250): 2023.01.16.11:59:21 Progress: Adding pio_0 [altera_avalon_pio 18.1]
Info (12250): 2023.01.16.11:59:21 Progress: Parameterizing module pio_0
Info (12250): 2023.01.16.11:59:21 Progress: Adding timer_0 [altera_avalon_timer 18.1]
Info (12250): 2023.01.16.11:59:21 Progress: Parameterizing module timer_0
Info (12250): 2023.01.16.11:59:21 Progress: Building connections
Info (12250): 2023.01.16.11:59:21 Progress: Parameterizing connections
Info (12250): 2023.01.16.11:59:21 Progress: Validating
Info (12250): 2023.01.16.11:59:22 Progress: Done reading input file
Info (12250): Lab3_qsys.jtag_uart_0: JTAG UART IP input clock need to be at least double (2x) the operating frequency of JTAG TCK on board
Info (12250): Lab3_qsys.pio_0: PIO inputs are not hardwired in test bench. Undefined values will be read from PIO inputs during simulation.
Info (12250): Lab3_qsys: Generating lab3_qsys "lab3_qsys" for QUARTUS_SYNTH
Warning (12251): Lab3_qsys: "No matching role found for opencores_i2c_0:export_0:scl_pad_io (scl_pad_io)"
Warning (12251): Lab3_qsys: "No matching role found for opencores_i2c_0:export_0:sda_pad_io (sda_pad_io)"
Warning (12251): Lab3_qsys: "No matching role found for pio_0:external_connection:bidir_port (export)"
Info (12250): Jtag_uart_0: Starting RTL generation for module 'lab3_qsys_jtag_uart_0'
Info (12250): Jtag_uart_0:   Generation command is [exec C:/intelfpga/18.1/quartus/bin64/perl/bin/perl.exe -I C:/intelfpga/18.1/quartus/bin64/perl/lib -I C:/intelfpga/18.1/quartus/sopc_builder/bin/europa -I C:/intelfpga/18.1/quartus/sopc_builder/bin/perl_lib -I C:/intelfpga/18.1/quartus/sopc_builder/bin -I C:/intelfpga/18.1/quartus/../ip/altera/sopc_builder_ip/common -I C:/intelfpga/18.1/quartus/../ip/altera/sopc_builder_ip/altera_avalon_jtag_uart -- C:/intelfpga/18.1/quartus/../ip/altera/sopc_builder_ip/altera_avalon_jtag_uart/generate_rtl.pl --name=lab3_qsys_jtag_uart_0 --dir=C:/Users/frkanaan/AppData/Local/Temp/alt9373_7441368765955413018.dir/0002_jtag_uart_0_gen/ --quartus_dir=C:/intelfpga/18.1/quartus --verilog --config=C:/Users/frkanaan/AppData/Local/Temp/alt9373_7441368765955413018.dir/0002_jtag_uart_0_gen//lab3_qsys_jtag_uart_0_component_configuration.pl  --do_build_sim=0  ]
Info (12250): Jtag_uart_0: Done RTL generation for module 'lab3_qsys_jtag_uart_0'
Info (12250): Jtag_uart_0: "lab3_qsys" instantiated altera_avalon_jtag_uart "jtag_uart_0"
Info (12250): Nios2_gen2_0: "lab3_qsys" instantiated altera_nios2_gen2 "nios2_gen2_0"
Info (12250): Onchip_memory2_0: Starting RTL generation for module 'lab3_qsys_onchip_memory2_0'
Info (12250): Onchip_memory2_0:   Generation command is [exec C:/intelfpga/18.1/quartus/bin64/perl/bin/perl.exe -I C:/intelfpga/18.1/quartus/bin64/perl/lib -I C:/intelfpga/18.1/quartus/sopc_builder/bin/europa -I C:/intelfpga/18.1/quartus/sopc_builder/bin/perl_lib -I C:/intelfpga/18.1/quartus/sopc_builder/bin -I C:/intelfpga/18.1/quartus/../ip/altera/sopc_builder_ip/common -I C:/intelfpga/18.1/quartus/../ip/altera/sopc_builder_ip/altera_avalon_onchip_memory2 -- C:/intelfpga/18.1/quartus/../ip/altera/sopc_builder_ip/altera_avalon_onchip_memory2/generate_rtl.pl --name=lab3_qsys_onchip_memory2_0 --dir=C:/Users/frkanaan/AppData/Local/Temp/alt9373_7441368765955413018.dir/0003_onchip_memory2_0_gen/ --quartus_dir=C:/intelfpga/18.1/quartus --verilog --config=C:/Users/frkanaan/AppData/Local/Temp/alt9373_7441368765955413018.dir/0003_onchip_memory2_0_gen//lab3_qsys_onchip_memory2_0_component_configuration.pl  --do_build_sim=0  ]
Info (12250): Onchip_memory2_0: Done RTL generation for module 'lab3_qsys_onchip_memory2_0'
Info (12250): Onchip_memory2_0: "lab3_qsys" instantiated altera_avalon_onchip_memory2 "onchip_memory2_0"
Info (12250): Opencores_i2c_0: "lab3_qsys" instantiated opencores_i2c "opencores_i2c_0"
Info (12250): Pio_0: Starting RTL generation for module 'lab3_qsys_pio_0'
Info (12250): Pio_0:   Generation command is [exec C:/intelfpga/18.1/quartus/bin64/perl/bin/perl.exe -I C:/intelfpga/18.1/quartus/bin64/perl/lib -I C:/intelfpga/18.1/quartus/sopc_builder/bin/europa -I C:/intelfpga/18.1/quartus/sopc_builder/bin/perl_lib -I C:/intelfpga/18.1/quartus/sopc_builder/bin -I C:/intelfpga/18.1/quartus/../ip/altera/sopc_builder_ip/common -I C:/intelfpga/18.1/quartus/../ip/altera/sopc_builder_ip/altera_avalon_pio -- C:/intelfpga/18.1/quartus/../ip/altera/sopc_builder_ip/altera_avalon_pio/generate_rtl.pl --name=lab3_qsys_pio_0 --dir=C:/Users/frkanaan/AppData/Local/Temp/alt9373_7441368765955413018.dir/0005_pio_0_gen/ --quartus_dir=C:/intelfpga/18.1/quartus --verilog --config=C:/Users/frkanaan/AppData/Local/Temp/alt9373_7441368765955413018.dir/0005_pio_0_gen//lab3_qsys_pio_0_component_configuration.pl  --do_build_sim=0  ]
Info (12250): Pio_0: Done RTL generation for module 'lab3_qsys_pio_0'
Info (12250): Pio_0: "lab3_qsys" instantiated altera_avalon_pio "pio_0"
Info (12250): Timer_0: Starting RTL generation for module 'lab3_qsys_timer_0'
Info (12250): Timer_0:   Generation command is [exec C:/intelFPGA/18.1/quartus/bin64//perl/bin/perl.exe -I C:/intelFPGA/18.1/quartus/bin64//perl/lib -I C:/intelfpga/18.1/quartus/sopc_builder/bin/europa -I C:/intelfpga/18.1/quartus/sopc_builder/bin/perl_lib -I C:/intelfpga/18.1/quartus/sopc_builder/bin -I C:/intelfpga/18.1/quartus/../ip/altera/sopc_builder_ip/common -I C:/intelfpga/18.1/quartus/../ip/altera/sopc_builder_ip/altera_avalon_timer -- C:/intelfpga/18.1/quartus/../ip/altera/sopc_builder_ip/altera_avalon_timer/generate_rtl.pl --name=lab3_qsys_timer_0 --dir=C:/Users/frkanaan/AppData/Local/Temp/alt9373_7441368765955413018.dir/0006_timer_0_gen/ --quartus_dir=C:/intelfpga/18.1/quartus --verilog --config=C:/Users/frkanaan/AppData/Local/Temp/alt9373_7441368765955413018.dir/0006_timer_0_gen//lab3_qsys_timer_0_component_configuration.pl  --do_build_sim=0  ]
Info (12250): Timer_0: Done RTL generation for module 'lab3_qsys_timer_0'
Info (12250): Timer_0: "lab3_qsys" instantiated altera_avalon_timer "timer_0"
Info (12250): Avalon_st_adapter: Inserting error_adapter: error_adapter_0
Info (12250): Avalon_st_adapter_001: Inserting error_adapter: error_adapter_0
Info (12250): Avalon_st_adapter_002: Inserting error_adapter: error_adapter_0
Info (12250): Avalon_st_adapter_003: Inserting error_adapter: error_adapter_0
Info (12250): Avalon_st_adapter_004: Inserting error_adapter: error_adapter_0
Info (12250): Avalon_st_adapter_005: Inserting error_adapter: error_adapter_0
Info (12250): Mm_interconnect_0: "lab3_qsys" instantiated altera_mm_interconnect "mm_interconnect_0"
Info (12250): Irq_mapper: "lab3_qsys" instantiated altera_irq_mapper "irq_mapper"
Info (12250): Rst_controller: "lab3_qsys" instantiated altera_reset_controller "rst_controller"
Info (12250): Cpu: Starting RTL generation for module 'lab3_qsys_nios2_gen2_0_cpu'
Info (12250): Cpu:   Generation command is [exec C:/intelFPGA/18.1/quartus/bin64//eperlcmd.exe -I C:/intelFPGA/18.1/quartus/bin64//perl/lib -I C:/intelfpga/18.1/quartus/sopc_builder/bin/europa -I C:/intelfpga/18.1/quartus/sopc_builder/bin/perl_lib -I C:/intelfpga/18.1/quartus/sopc_builder/bin -I C:/intelfpga/18.1/quartus/../ip/altera/nios2_ip/altera_nios2_gen2/cpu_lib -I C:/intelfpga/18.1/quartus/../ip/altera/nios2_ip/altera_nios2_gen2/nios_lib -I C:/intelfpga/18.1/quartus/../ip/altera/nios2_ip/altera_nios2_gen2 -I C:/intelfpga/18.1/quartus/../ip/altera/nios2_ip/altera_nios2_gen2 -- C:/intelfpga/18.1/quartus/../ip/altera/nios2_ip/altera_nios2_gen2/generate_rtl.epl --name=lab3_qsys_nios2_gen2_0_cpu --dir=C:/Users/frkanaan/AppData/Local/Temp/alt9373_7441368765955413018.dir/0009_cpu_gen/ --quartus_bindir=C:/intelFPGA/18.1/quartus/bin64/ --verilog --config=C:/Users/frkanaan/AppData/Local/Temp/alt9373_7441368765955413018.dir/0009_cpu_gen//lab3_qsys_nios2_gen2_0_cpu_processor_configuration.pl  --do_build_sim=0  ]
Info (12250): Cpu: # 2023.01.16 11:59:36 (*) Starting Nios II generation
Info (12250): Cpu: # 2023.01.16 11:59:36 (*)   Checking for plaintext license.
Info (12250): Cpu: # 2023.01.16 11:59:37 (*)   Couldn't query license setup in Quartus directory C:/intelFPGA/18.1/quartus/bin64/
Info (12250): Cpu: # 2023.01.16 11:59:37 (*)   Defaulting to contents of LM_LICENSE_FILE environment variable
Info (12250): Cpu: # 2023.01.16 11:59:37 (*)   Plaintext license not found.
Info (12250): Cpu: # 2023.01.16 11:59:37 (*)   No license required to generate encrypted Nios II/e.
Info (12250): Cpu: # 2023.01.16 11:59:37 (*)   Elaborating CPU configuration settings
Info (12250): Cpu: # 2023.01.16 11:59:37 (*)   Creating all objects for CPU
Info (12250): Cpu: # 2023.01.16 11:59:38 (*)   Generating RTL from CPU objects
Info (12250): Cpu: # 2023.01.16 11:59:38 (*)   Creating plain-text RTL
Info (12250): Cpu: # 2023.01.16 11:59:38 (*) Done Nios II generation
Info (12250): Cpu: Done RTL generation for module 'lab3_qsys_nios2_gen2_0_cpu'
Info (12250): Cpu: "nios2_gen2_0" instantiated altera_nios2_gen2_unit "cpu"
Info (12250): Nios2_gen2_0_data_master_translator: "mm_interconnect_0" instantiated altera_merlin_master_translator "nios2_gen2_0_data_master_translator"
Info (12250): Jtag_uart_0_avalon_jtag_slave_translator: "mm_interconnect_0" instantiated altera_merlin_slave_translator "jtag_uart_0_avalon_jtag_slave_translator"
Info (12250): Nios2_gen2_0_data_master_agent: "mm_interconnect_0" instantiated altera_merlin_master_agent "nios2_gen2_0_data_master_agent"
Info (12250): Jtag_uart_0_avalon_jtag_slave_agent: "mm_interconnect_0" instantiated altera_merlin_slave_agent "jtag_uart_0_avalon_jtag_slave_agent"
Info (12250): Jtag_uart_0_avalon_jtag_slave_agent_rsp_fifo: "mm_interconnect_0" instantiated altera_avalon_sc_fifo "jtag_uart_0_avalon_jtag_slave_agent_rsp_fifo"
Info (12250): Router: "mm_interconnect_0" instantiated altera_merlin_router "router"
Info (12250): Router_002: "mm_interconnect_0" instantiated altera_merlin_router "router_002"
Info (12250): Cmd_demux: "mm_interconnect_0" instantiated altera_merlin_demultiplexer "cmd_demux"
Info (12250): Cmd_mux: "mm_interconnect_0" instantiated altera_merlin_multiplexer "cmd_mux"
Info (12250): Rsp_demux: "mm_interconnect_0" instantiated altera_merlin_demultiplexer "rsp_demux"
Info (12250): Rsp_mux: "mm_interconnect_0" instantiated altera_merlin_multiplexer "rsp_mux"
Info (12250): Reusing file C:/Users/frkanaan/Documents/aze/lab3/Kanaan_Lab3/db/ip/lab3_qsys/submodules/altera_merlin_arbitrator.sv
Info (12250): Avalon_st_adapter: "mm_interconnect_0" instantiated altera_avalon_st_adapter "avalon_st_adapter"
Info (12250): Error_adapter_0: "avalon_st_adapter" instantiated error_adapter "error_adapter_0"
Info (12250): Lab3_qsys: Done "lab3_qsys" with 24 modules, 41 files
Info (12249): Finished elaborating Platform Designer system entity "lab3_qsys.qsys"
Error (10500): VHDL syntax error at ADXL345.vhd(11) near text ")";  expecting an identifier, or "constant", or "file", or "signal", or "variable" File: C:/Users/frkanaan/Documents/aze/lab3/Kanaan_Lab3/hardware/ADXL345.vhd Line: 11
Error (10500): VHDL syntax error at ADXL345.vhd(25) near text "component";  expecting ";", or an identifier ("component" is a reserved keyword), or "entity" File: C:/Users/frkanaan/Documents/aze/lab3/Kanaan_Lab3/hardware/ADXL345.vhd Line: 25
Error (10396): VHDL syntax error at ADXL345.vhd(38): name used in construct must match previously specified name "ADXL345" File: C:/Users/frkanaan/Documents/aze/lab3/Kanaan_Lab3/hardware/ADXL345.vhd Line: 38
Error (10523): Ignored construct ADXL345 at ADXL345.vhd(4) due to previous errors File: C:/Users/frkanaan/Documents/aze/lab3/Kanaan_Lab3/hardware/ADXL345.vhd Line: 4
Info (12021): Found 0 design units, including 0 entities, in source file hardware/adxl345.vhd
Info (12021): Found 1 design units, including 1 entities, in source file db/ip/lab3_qsys/lab3_qsys.v
    Info (12023): Found entity 1: lab3_qsys File: C:/Users/frkanaan/Documents/aze/lab3/Kanaan_Lab3/db/ip/lab3_qsys/lab3_qsys.v Line: 6
Info (12021): Found 1 design units, including 1 entities, in source file db/ip/lab3_qsys/submodules/altera_avalon_sc_fifo.v
    Info (12023): Found entity 1: altera_avalon_sc_fifo File: C:/Users/frkanaan/Documents/aze/lab3/Kanaan_Lab3/db/ip/lab3_qsys/submodules/altera_avalon_sc_fifo.v Line: 21
Info (12021): Found 2 design units, including 2 entities, in source file db/ip/lab3_qsys/submodules/altera_merlin_arbitrator.sv
    Info (12023): Found entity 1: altera_merlin_arbitrator File: C:/Users/frkanaan/Documents/aze/lab3/Kanaan_Lab3/db/ip/lab3_qsys/submodules/altera_merlin_arbitrator.sv Line: 103
    Info (12023): Found entity 2: altera_merlin_arb_adder File: C:/Users/frkanaan/Documents/aze/lab3/Kanaan_Lab3/db/ip/lab3_qsys/submodules/altera_merlin_arbitrator.sv Line: 228
Info (12021): Found 1 design units, including 1 entities, in source file db/ip/lab3_qsys/submodules/altera_merlin_burst_uncompressor.sv
    Info (12023): Found entity 1: altera_merlin_burst_uncompressor File: C:/Users/frkanaan/Documents/aze/lab3/Kanaan_Lab3/db/ip/lab3_qsys/submodules/altera_merlin_burst_uncompressor.sv Line: 40
Info (12021): Found 1 design units, including 1 entities, in source file db/ip/lab3_qsys/submodules/altera_merlin_master_agent.sv
    Info (12023): Found entity 1: altera_merlin_master_agent File: C:/Users/frkanaan/Documents/aze/lab3/Kanaan_Lab3/db/ip/lab3_qsys/submodules/altera_merlin_master_agent.sv Line: 28
Info (12021): Found 1 design units, including 1 entities, in source file db/ip/lab3_qsys/submodules/altera_merlin_master_translator.sv
    Info (12023): Found entity 1: altera_merlin_master_translator File: C:/Users/frkanaan/Documents/aze/lab3/Kanaan_Lab3/db/ip/lab3_qsys/submodules/altera_merlin_master_translator.sv Line: 32
Info (12021): Found 1 design units, including 1 entities, in source file db/ip/lab3_qsys/submodules/altera_merlin_slave_agent.sv
    Info (12023): Found entity 1: altera_merlin_slave_agent File: C:/Users/frkanaan/Documents/aze/lab3/Kanaan_Lab3/db/ip/lab3_qsys/submodules/altera_merlin_slave_agent.sv Line: 34
Info (12021): Found 1 design units, including 1 entities, in source file db/ip/lab3_qsys/submodules/altera_merlin_slave_translator.sv
    Info (12023): Found entity 1: altera_merlin_slave_translator File: C:/Users/frkanaan/Documents/aze/lab3/Kanaan_Lab3/db/ip/lab3_qsys/submodules/altera_merlin_slave_translator.sv Line: 35
Info (12021): Found 1 design units, including 1 entities, in source file db/ip/lab3_qsys/submodules/altera_reset_controller.v
    Info (12023): Found entity 1: altera_reset_controller File: C:/Users/frkanaan/Documents/aze/lab3/Kanaan_Lab3/db/ip/lab3_qsys/submodules/altera_reset_controller.v Line: 42
Info (12021): Found 1 design units, including 1 entities, in source file db/ip/lab3_qsys/submodules/altera_reset_synchronizer.v
    Info (12023): Found entity 1: altera_reset_synchronizer File: C:/Users/frkanaan/Documents/aze/lab3/Kanaan_Lab3/db/ip/lab3_qsys/submodules/altera_reset_synchronizer.v Line: 24
Warning (10335): Unrecognized synthesis attribute "enum_state" at db/ip/lab3_qsys/submodules/i2c_master_bit_ctrl.v(181) File: C:/Users/frkanaan/Documents/aze/lab3/Kanaan_Lab3/db/ip/lab3_qsys/submodules/i2c_master_bit_ctrl.v Line: 181
Info (12021): Found 1 design units, including 1 entities, in source file db/ip/lab3_qsys/submodules/i2c_master_bit_ctrl.v
    Info (12023): Found entity 1: i2c_master_bit_ctrl File: C:/Users/frkanaan/Documents/aze/lab3/Kanaan_Lab3/db/ip/lab3_qsys/submodules/i2c_master_bit_ctrl.v Line: 129
Info (12021): Found 1 design units, including 1 entities, in source file db/ip/lab3_qsys/submodules/i2c_master_byte_ctrl.v
    Info (12023): Found entity 1: i2c_master_byte_ctrl File: C:/Users/frkanaan/Documents/aze/lab3/Kanaan_Lab3/db/ip/lab3_qsys/submodules/i2c_master_byte_ctrl.v Line: 75
Info (12021): Found 0 design units, including 0 entities, in source file db/ip/lab3_qsys/submodules/i2c_master_defines.v
Info (12021): Found 1 design units, including 1 entities, in source file db/ip/lab3_qsys/submodules/i2c_master_top.v
    Info (12023): Found entity 1: i2c_master_top File: C:/Users/frkanaan/Documents/aze/lab3/Kanaan_Lab3/db/ip/lab3_qsys/submodules/i2c_master_top.v Line: 75
Info (12021): Found 1 design units, including 1 entities, in source file db/ip/lab3_qsys/submodules/lab3_qsys_irq_mapper.sv
    Info (12023): Found entity 1: lab3_qsys_irq_mapper File: C:/Users/frkanaan/Documents/aze/lab3/Kanaan_Lab3/db/ip/lab3_qsys/submodules/lab3_qsys_irq_mapper.sv Line: 31
Info (12021): Found 5 design units, including 5 entities, in source file db/ip/lab3_qsys/submodules/lab3_qsys_jtag_uart_0.v
    Info (12023): Found entity 1: lab3_qsys_jtag_uart_0_sim_scfifo_w File: C:/Users/frkanaan/Documents/aze/lab3/Kanaan_Lab3/db/ip/lab3_qsys/submodules/lab3_qsys_jtag_uart_0.v Line: 21
    Info (12023): Found entity 2: lab3_qsys_jtag_uart_0_scfifo_w File: C:/Users/frkanaan/Documents/aze/lab3/Kanaan_Lab3/db/ip/lab3_qsys/submodules/lab3_qsys_jtag_uart_0.v Line: 78
    Info (12023): Found entity 3: lab3_qsys_jtag_uart_0_sim_scfifo_r File: C:/Users/frkanaan/Documents/aze/lab3/Kanaan_Lab3/db/ip/lab3_qsys/submodules/lab3_qsys_jtag_uart_0.v Line: 164
    Info (12023): Found entity 4: lab3_qsys_jtag_uart_0_scfifo_r File: C:/Users/frkanaan/Documents/aze/lab3/Kanaan_Lab3/db/ip/lab3_qsys/submodules/lab3_qsys_jtag_uart_0.v Line: 243
    Info (12023): Found entity 5: lab3_qsys_jtag_uart_0 File: C:/Users/frkanaan/Documents/aze/lab3/Kanaan_Lab3/db/ip/lab3_qsys/submodules/lab3_qsys_jtag_uart_0.v Line: 331
Info (12021): Found 1 design units, including 1 entities, in source file db/ip/lab3_qsys/submodules/lab3_qsys_mm_interconnect_0.v
    Info (12023): Found entity 1: lab3_qsys_mm_interconnect_0 File: C:/Users/frkanaan/Documents/aze/lab3/Kanaan_Lab3/db/ip/lab3_qsys/submodules/lab3_qsys_mm_interconnect_0.v Line: 9
Info (12021): Found 1 design units, including 1 entities, in source file db/ip/lab3_qsys/submodules/lab3_qsys_mm_interconnect_0_avalon_st_adapter.v
    Info (12023): Found entity 1: lab3_qsys_mm_interconnect_0_avalon_st_adapter File: C:/Users/frkanaan/Documents/aze/lab3/Kanaan_Lab3/db/ip/lab3_qsys/submodules/lab3_qsys_mm_interconnect_0_avalon_st_adapter.v Line: 9
Info (12021): Found 1 design units, including 1 entities, in source file db/ip/lab3_qsys/submodules/lab3_qsys_mm_interconnect_0_avalon_st_adapter_error_adapter_0.sv
    Info (12023): Found entity 1: lab3_qsys_mm_interconnect_0_avalon_st_adapter_error_adapter_0 File: C:/Users/frkanaan/Documents/aze/lab3/Kanaan_Lab3/db/ip/lab3_qsys/submodules/lab3_qsys_mm_interconnect_0_avalon_st_adapter_error_adapter_0.sv Line: 66
Info (12021): Found 1 design units, including 1 entities, in source file db/ip/lab3_qsys/submodules/lab3_qsys_mm_interconnect_0_cmd_demux.sv
    Info (12023): Found entity 1: lab3_qsys_mm_interconnect_0_cmd_demux File: C:/Users/frkanaan/Documents/aze/lab3/Kanaan_Lab3/db/ip/lab3_qsys/submodules/lab3_qsys_mm_interconnect_0_cmd_demux.sv Line: 43
Info (12021): Found 1 design units, including 1 entities, in source file db/ip/lab3_qsys/submodules/lab3_qsys_mm_interconnect_0_cmd_mux.sv
    Info (12023): Found entity 1: lab3_qsys_mm_interconnect_0_cmd_mux File: C:/Users/frkanaan/Documents/aze/lab3/Kanaan_Lab3/db/ip/lab3_qsys/submodules/lab3_qsys_mm_interconnect_0_cmd_mux.sv Line: 51
Info (12021): Found 2 design units, including 2 entities, in source file db/ip/lab3_qsys/submodules/lab3_qsys_mm_interconnect_0_router.sv
    Info (12023): Found entity 1: lab3_qsys_mm_interconnect_0_router_default_decode File: C:/Users/frkanaan/Documents/aze/lab3/Kanaan_Lab3/db/ip/lab3_qsys/submodules/lab3_qsys_mm_interconnect_0_router.sv Line: 45
    Info (12023): Found entity 2: lab3_qsys_mm_interconnect_0_router File: C:/Users/frkanaan/Documents/aze/lab3/Kanaan_Lab3/db/ip/lab3_qsys/submodules/lab3_qsys_mm_interconnect_0_router.sv Line: 84
Info (12021): Found 2 design units, including 2 entities, in source file db/ip/lab3_qsys/submodules/lab3_qsys_mm_interconnect_0_router_002.sv
    Info (12023): Found entity 1: lab3_qsys_mm_interconnect_0_router_002_default_decode File: C:/Users/frkanaan/Documents/aze/lab3/Kanaan_Lab3/db/ip/lab3_qsys/submodules/lab3_qsys_mm_interconnect_0_router_002.sv Line: 45
    Info (12023): Found entity 2: lab3_qsys_mm_interconnect_0_router_002 File: C:/Users/frkanaan/Documents/aze/lab3/Kanaan_Lab3/db/ip/lab3_qsys/submodules/lab3_qsys_mm_interconnect_0_router_002.sv Line: 84
Info (12021): Found 1 design units, including 1 entities, in source file db/ip/lab3_qsys/submodules/lab3_qsys_mm_interconnect_0_rsp_demux.sv
    Info (12023): Found entity 1: lab3_qsys_mm_interconnect_0_rsp_demux File: C:/Users/frkanaan/Documents/aze/lab3/Kanaan_Lab3/db/ip/lab3_qsys/submodules/lab3_qsys_mm_interconnect_0_rsp_demux.sv Line: 43
Info (12021): Found 1 design units, including 1 entities, in source file db/ip/lab3_qsys/submodules/lab3_qsys_mm_interconnect_0_rsp_mux.sv
    Info (12023): Found entity 1: lab3_qsys_mm_interconnect_0_rsp_mux File: C:/Users/frkanaan/Documents/aze/lab3/Kanaan_Lab3/db/ip/lab3_qsys/submodules/lab3_qsys_mm_interconnect_0_rsp_mux.sv Line: 51
Info (12021): Found 1 design units, including 1 entities, in source file db/ip/lab3_qsys/submodules/lab3_qsys_nios2_gen2_0.v
    Info (12023): Found entity 1: lab3_qsys_nios2_gen2_0 File: C:/Users/frkanaan/Documents/aze/lab3/Kanaan_Lab3/db/ip/lab3_qsys/submodules/lab3_qsys_nios2_gen2_0.v Line: 9
Info (12021): Found 21 design units, including 21 entities, in source file db/ip/lab3_qsys/submodules/lab3_qsys_nios2_gen2_0_cpu.v
    Info (12023): Found entity 1: lab3_qsys_nios2_gen2_0_cpu_register_bank_a_module File: C:/Users/frkanaan/Documents/aze/lab3/Kanaan_Lab3/db/ip/lab3_qsys/submodules/lab3_qsys_nios2_gen2_0_cpu.v Line: 21
    Info (12023): Found entity 2: lab3_qsys_nios2_gen2_0_cpu_register_bank_b_module File: C:/Users/frkanaan/Documents/aze/lab3/Kanaan_Lab3/db/ip/lab3_qsys/submodules/lab3_qsys_nios2_gen2_0_cpu.v Line: 87
    Info (12023): Found entity 3: lab3_qsys_nios2_gen2_0_cpu_nios2_oci_debug File: C:/Users/frkanaan/Documents/aze/lab3/Kanaan_Lab3/db/ip/lab3_qsys/submodules/lab3_qsys_nios2_gen2_0_cpu.v Line: 153
    Info (12023): Found entity 4: lab3_qsys_nios2_gen2_0_cpu_nios2_oci_break File: C:/Users/frkanaan/Documents/aze/lab3/Kanaan_Lab3/db/ip/lab3_qsys/submodules/lab3_qsys_nios2_gen2_0_cpu.v Line: 295
    Info (12023): Found entity 5: lab3_qsys_nios2_gen2_0_cpu_nios2_oci_xbrk File: C:/Users/frkanaan/Documents/aze/lab3/Kanaan_Lab3/db/ip/lab3_qsys/submodules/lab3_qsys_nios2_gen2_0_cpu.v Line: 588
    Info (12023): Found entity 6: lab3_qsys_nios2_gen2_0_cpu_nios2_oci_dbrk File: C:/Users/frkanaan/Documents/aze/lab3/Kanaan_Lab3/db/ip/lab3_qsys/submodules/lab3_qsys_nios2_gen2_0_cpu.v Line: 795
    Info (12023): Found entity 7: lab3_qsys_nios2_gen2_0_cpu_nios2_oci_itrace File: C:/Users/frkanaan/Documents/aze/lab3/Kanaan_Lab3/db/ip/lab3_qsys/submodules/lab3_qsys_nios2_gen2_0_cpu.v Line: 982
    Info (12023): Found entity 8: lab3_qsys_nios2_gen2_0_cpu_nios2_oci_td_mode File: C:/Users/frkanaan/Documents/aze/lab3/Kanaan_Lab3/db/ip/lab3_qsys/submodules/lab3_qsys_nios2_gen2_0_cpu.v Line: 1115
    Info (12023): Found entity 9: lab3_qsys_nios2_gen2_0_cpu_nios2_oci_dtrace File: C:/Users/frkanaan/Documents/aze/lab3/Kanaan_Lab3/db/ip/lab3_qsys/submodules/lab3_qsys_nios2_gen2_0_cpu.v Line: 1183
    Info (12023): Found entity 10: lab3_qsys_nios2_gen2_0_cpu_nios2_oci_compute_input_tm_cnt File: C:/Users/frkanaan/Documents/aze/lab3/Kanaan_Lab3/db/ip/lab3_qsys/submodules/lab3_qsys_nios2_gen2_0_cpu.v Line: 1265
    Info (12023): Found entity 11: lab3_qsys_nios2_gen2_0_cpu_nios2_oci_fifo_wrptr_inc File: C:/Users/frkanaan/Documents/aze/lab3/Kanaan_Lab3/db/ip/lab3_qsys/submodules/lab3_qsys_nios2_gen2_0_cpu.v Line: 1337
    Info (12023): Found entity 12: lab3_qsys_nios2_gen2_0_cpu_nios2_oci_fifo_cnt_inc File: C:/Users/frkanaan/Documents/aze/lab3/Kanaan_Lab3/db/ip/lab3_qsys/submodules/lab3_qsys_nios2_gen2_0_cpu.v Line: 1380
    Info (12023): Found entity 13: lab3_qsys_nios2_gen2_0_cpu_nios2_oci_fifo File: C:/Users/frkanaan/Documents/aze/lab3/Kanaan_Lab3/db/ip/lab3_qsys/submodules/lab3_qsys_nios2_gen2_0_cpu.v Line: 1427
    Info (12023): Found entity 14: lab3_qsys_nios2_gen2_0_cpu_nios2_oci_pib File: C:/Users/frkanaan/Documents/aze/lab3/Kanaan_Lab3/db/ip/lab3_qsys/submodules/lab3_qsys_nios2_gen2_0_cpu.v Line: 1913
    Info (12023): Found entity 15: lab3_qsys_nios2_gen2_0_cpu_nios2_oci_im File: C:/Users/frkanaan/Documents/aze/lab3/Kanaan_Lab3/db/ip/lab3_qsys/submodules/lab3_qsys_nios2_gen2_0_cpu.v Line: 1936
    Info (12023): Found entity 16: lab3_qsys_nios2_gen2_0_cpu_nios2_performance_monitors File: C:/Users/frkanaan/Documents/aze/lab3/Kanaan_Lab3/db/ip/lab3_qsys/submodules/lab3_qsys_nios2_gen2_0_cpu.v Line: 2006
    Info (12023): Found entity 17: lab3_qsys_nios2_gen2_0_cpu_nios2_avalon_reg File: C:/Users/frkanaan/Documents/aze/lab3/Kanaan_Lab3/db/ip/lab3_qsys/submodules/lab3_qsys_nios2_gen2_0_cpu.v Line: 2023
    Info (12023): Found entity 18: lab3_qsys_nios2_gen2_0_cpu_ociram_sp_ram_module File: C:/Users/frkanaan/Documents/aze/lab3/Kanaan_Lab3/db/ip/lab3_qsys/submodules/lab3_qsys_nios2_gen2_0_cpu.v Line: 2116
    Info (12023): Found entity 19: lab3_qsys_nios2_gen2_0_cpu_nios2_ocimem File: C:/Users/frkanaan/Documents/aze/lab3/Kanaan_Lab3/db/ip/lab3_qsys/submodules/lab3_qsys_nios2_gen2_0_cpu.v Line: 2181
    Info (12023): Found entity 20: lab3_qsys_nios2_gen2_0_cpu_nios2_oci File: C:/Users/frkanaan/Documents/aze/lab3/Kanaan_Lab3/db/ip/lab3_qsys/submodules/lab3_qsys_nios2_gen2_0_cpu.v Line: 2362
    Info (12023): Found entity 21: lab3_qsys_nios2_gen2_0_cpu File: C:/Users/frkanaan/Documents/aze/lab3/Kanaan_Lab3/db/ip/lab3_qsys/submodules/lab3_qsys_nios2_gen2_0_cpu.v Line: 2834
Info (12021): Found 1 design units, including 1 entities, in source file db/ip/lab3_qsys/submodules/lab3_qsys_nios2_gen2_0_cpu_debug_slave_sysclk.v
    Info (12023): Found entity 1: lab3_qsys_nios2_gen2_0_cpu_debug_slave_sysclk File: C:/Users/frkanaan/Documents/aze/lab3/Kanaan_Lab3/db/ip/lab3_qsys/submodules/lab3_qsys_nios2_gen2_0_cpu_debug_slave_sysclk.v Line: 21
Info (12021): Found 1 design units, including 1 entities, in source file db/ip/lab3_qsys/submodules/lab3_qsys_nios2_gen2_0_cpu_debug_slave_tck.v
    Info (12023): Found entity 1: lab3_qsys_nios2_gen2_0_cpu_debug_slave_tck File: C:/Users/frkanaan/Documents/aze/lab3/Kanaan_Lab3/db/ip/lab3_qsys/submodules/lab3_qsys_nios2_gen2_0_cpu_debug_slave_tck.v Line: 21
Info (12021): Found 1 design units, including 1 entities, in source file db/ip/lab3_qsys/submodules/lab3_qsys_nios2_gen2_0_cpu_debug_slave_wrapper.v
    Info (12023): Found entity 1: lab3_qsys_nios2_gen2_0_cpu_debug_slave_wrapper File: C:/Users/frkanaan/Documents/aze/lab3/Kanaan_Lab3/db/ip/lab3_qsys/submodules/lab3_qsys_nios2_gen2_0_cpu_debug_slave_wrapper.v Line: 21
Info (12021): Found 1 design units, including 1 entities, in source file db/ip/lab3_qsys/submodules/lab3_qsys_nios2_gen2_0_cpu_test_bench.v
    Info (12023): Found entity 1: lab3_qsys_nios2_gen2_0_cpu_test_bench File: C:/Users/frkanaan/Documents/aze/lab3/Kanaan_Lab3/db/ip/lab3_qsys/submodules/lab3_qsys_nios2_gen2_0_cpu_test_bench.v Line: 21
Info (12021): Found 1 design units, including 1 entities, in source file db/ip/lab3_qsys/submodules/lab3_qsys_onchip_memory2_0.v
    Info (12023): Found entity 1: lab3_qsys_onchip_memory2_0 File: C:/Users/frkanaan/Documents/aze/lab3/Kanaan_Lab3/db/ip/lab3_qsys/submodules/lab3_qsys_onchip_memory2_0.v Line: 21
Info (12021): Found 1 design units, including 1 entities, in source file db/ip/lab3_qsys/submodules/lab3_qsys_pio_0.v
    Info (12023): Found entity 1: lab3_qsys_pio_0 File: C:/Users/frkanaan/Documents/aze/lab3/Kanaan_Lab3/db/ip/lab3_qsys/submodules/lab3_qsys_pio_0.v Line: 21
Info (12021): Found 1 design units, including 1 entities, in source file db/ip/lab3_qsys/submodules/lab3_qsys_timer_0.v
    Info (12023): Found entity 1: lab3_qsys_timer_0 File: C:/Users/frkanaan/Documents/aze/lab3/Kanaan_Lab3/db/ip/lab3_qsys/submodules/lab3_qsys_timer_0.v Line: 21
Info (12021): Found 1 design units, including 1 entities, in source file db/ip/lab3_qsys/submodules/opencores_i2c.v
    Info (12023): Found entity 1: opencores_i2c File: C:/Users/frkanaan/Documents/aze/lab3/Kanaan_Lab3/db/ip/lab3_qsys/submodules/opencores_i2c.v Line: 7
Info (12021): Found 0 design units, including 0 entities, in source file db/ip/lab3_qsys/submodules/timescale.v
Info (144001): Generated suppressed messages file C:/Users/frkanaan/Documents/aze/lab3/Kanaan_Lab3/output_files/accelerometer_ESN12.map.smsg
Error: Quartus Prime Analysis & Synthesis was unsuccessful. 4 errors, 5 warnings
    Error: Peak virtual memory: 4792 megabytes
    Error: Processing ended: Mon Jan 16 11:59:41 2023
    Error: Elapsed time: 00:00:35
    Error: Total CPU time (on all processors): 00:00:59


+------------------------------------------+
; Analysis & Synthesis Suppressed Messages ;
+------------------------------------------+
The suppressed messages can be found in C:/Users/frkanaan/Documents/aze/lab3/Kanaan_Lab3/output_files/accelerometer_ESN12.map.smsg.


